0 info it worked if it ends with ok
1 verbose cli [ '/usr/bin/nodejs', '/usr/bin/npm', 'i' ]
2 info using npm@4.1.2
3 info using node@v7.6.0
4 silly loadCurrentTree Starting
5 silly install loadCurrentTree
6 silly install readLocalPackageData
7 silly install normalizeTree
8 silly loadCurrentTree Finishing
9 silly loadIdealTree Starting
10 silly install loadIdealTree
11 silly cloneCurrentTree Starting
12 silly install cloneCurrentTreeToIdealTree
13 silly cloneCurrentTree Finishing
14 silly loadShrinkwrap Starting
15 silly install loadShrinkwrap
16 silly loadShrinkwrap Finishing
17 silly loadAllDepsIntoIdealTree Starting
18 silly install loadAllDepsIntoIdealTree
19 silly fetchNamedPackageData electron-packager
20 silly mapToRegistry name electron-packager
21 silly mapToRegistry using default registry
22 silly mapToRegistry registry http://192.168.251.88:4873/
23 silly mapToRegistry data Result {
23 silly mapToRegistry   raw: 'electron-packager',
23 silly mapToRegistry   scope: null,
23 silly mapToRegistry   escapedName: 'electron-packager',
23 silly mapToRegistry   name: 'electron-packager',
23 silly mapToRegistry   rawSpec: '',
23 silly mapToRegistry   spec: 'latest',
23 silly mapToRegistry   type: 'tag' }
24 silly mapToRegistry uri http://192.168.251.88:4873/electron-packager
25 verbose request uri http://192.168.251.88:4873/electron-packager
26 verbose request no auth needed
27 info attempt registry request try #1 at 11:36:44
28 verbose request using bearer token for auth
29 verbose request id dfaef95fb3c4b2df
30 http request GET http://192.168.251.88:4873/electron-packager
31 info retry will retry, error on last attempt: Error: connect ECONNREFUSED 192.168.251.88:4873
32 info attempt registry request try #2 at 11:36:55
33 verbose request using bearer token for auth
34 http request GET http://192.168.251.88:4873/electron-packager
35 info retry will retry, error on last attempt: Error: connect ECONNREFUSED 192.168.251.88:4873
36 info attempt registry request try #3 at 11:37:55
37 verbose request using bearer token for auth
38 http request GET http://192.168.251.88:4873/electron-packager
39 silly fetchPackageMetaData Error: connect ECONNREFUSED 192.168.251.88:4873
39 silly fetchPackageMetaData     at Object.exports._errnoException (util.js:1028:11)
39 silly fetchPackageMetaData     at exports._exceptionWithHostPort (util.js:1051:20)
39 silly fetchPackageMetaData     at TCPConnectWrap.afterConnect [as oncomplete] (net.js:1090:14)
39 silly fetchPackageMetaData  error for electron-packager@^8.5.2 { Error: connect ECONNREFUSED 192.168.251.88:4873
39 silly fetchPackageMetaData     at Object.exports._errnoException (util.js:1028:11)
39 silly fetchPackageMetaData     at exports._exceptionWithHostPort (util.js:1051:20)
39 silly fetchPackageMetaData     at TCPConnectWrap.afterConnect [as oncomplete] (net.js:1090:14)
39 silly fetchPackageMetaData   code: 'ECONNREFUSED',
39 silly fetchPackageMetaData   errno: 'ECONNREFUSED',
39 silly fetchPackageMetaData   syscall: 'connect',
39 silly fetchPackageMetaData   address: '192.168.251.88',
39 silly fetchPackageMetaData   port: 4873 }
40 silly rollbackFailedOptional Starting
41 silly rollbackFailedOptional Finishing
42 silly runTopLevelLifecycles Finishing
43 silly install printInstalled
44 verbose stack Error: connect ECONNREFUSED 192.168.251.88:4873
44 verbose stack     at Object.exports._errnoException (util.js:1028:11)
44 verbose stack     at exports._exceptionWithHostPort (util.js:1051:20)
44 verbose stack     at TCPConnectWrap.afterConnect [as oncomplete] (net.js:1090:14)
45 verbose cwd /home/papiroca/work/repo/portal-app
46 error Linux 4.4.0-57-generic
47 error argv "/usr/bin/nodejs" "/usr/bin/npm" "i"
48 error node v7.6.0
49 error npm  v4.1.2
50 error code ECONNREFUSED
51 error errno ECONNREFUSED
52 error syscall connect
53 error Error: connect ECONNREFUSED 192.168.251.88:4873
53 error     at Object.exports._errnoException (util.js:1028:11)
53 error     at exports._exceptionWithHostPort (util.js:1051:20)
53 error     at TCPConnectWrap.afterConnect [as oncomplete] (net.js:1090:14)
53 error  { Error: connect ECONNREFUSED 192.168.251.88:4873
53 error     at Object.exports._errnoException (util.js:1028:11)
53 error     at exports._exceptionWithHostPort (util.js:1051:20)
53 error     at TCPConnectWrap.afterConnect [as oncomplete] (net.js:1090:14)
53 error   code: 'ECONNREFUSED',
53 error   errno: 'ECONNREFUSED',
53 error   syscall: 'connect',
53 error   address: '192.168.251.88',
53 error   port: 4873,
53 error   parent: 'electron-quick-start' }
54 error If you are behind a proxy, please make sure that the
54 error 'proxy' config is set properly.  See: 'npm help config'
55 verbose exit [ 1, true ]
